\BOOKMARK [1][]{section.1}{1 非对称特征值问题}{}% 1
\BOOKMARK [2][]{subsection.1.1}{1.1 幂迭代}{section.1}% 2
\BOOKMARK [2][]{subsection.1.2}{1.2 反迭代}{section.1}% 3
\BOOKMARK [3][]{subsubsection.1.2.1}{1.2.1 Rayleigh 商迭代}{subsection.1.2}% 4
\BOOKMARK [2][]{subsection.1.3}{1.3 正交迭代}{section.1}% 5
\BOOKMARK [2][]{subsection.1.4}{1.4 QR迭代}{section.1}% 6
\BOOKMARK [3][]{subsubsection.1.4.1}{1.4.1 算法介绍}{subsection.1.4}% 7
\BOOKMARK [3][]{subsubsection.1.4.2}{1.4.2 QR 迭代与幂迭代的关系}{subsection.1.4}% 8
\BOOKMARK [3][]{subsubsection.1.4.3}{1.4.3 QR迭代与反迭代的关系}{subsection.1.4}% 9
\BOOKMARK [3][]{subsubsection.1.4.4}{1.4.4 QR 迭代与正交迭代的关系}{subsection.1.4}% 10
\BOOKMARK [3][]{subsubsection.1.4.5}{1.4.5 QR迭代的收敛性}{subsection.1.4}% 11
\BOOKMARK [3][]{subsubsection.1.4.6}{1.4.6 带位移的QR迭代}{subsection.1.4}% 12
\BOOKMARK [2][]{subsection.1.5}{1.5 带位移的隐式QR迭代}{section.1}% 13
\BOOKMARK [3][]{subsubsection.1.5.1}{1.5.1 上 Hessenberg 矩阵}{subsection.1.5}% 14
\BOOKMARK [3][]{subsubsection.1.5.2}{1.5.2 隐式QR迭代}{subsection.1.5}% 15
\BOOKMARK [3][]{subsubsection.1.5.3}{1.5.3 位移的选取}{subsection.1.5}% 16
\BOOKMARK [3][]{subsubsection.1.5.4}{1.5.4 收缩Deflation}{subsection.1.5}% 17
\BOOKMARK [2][]{subsection.1.6}{1.6 特征向量的计算}{section.1}% 18
\BOOKMARK [2][]{subsection.1.7}{1.7 广义特征值问题}{section.1}% 19
\BOOKMARK [3][]{subsubsection.1.7.1}{1.7.1 广义Schur分解}{subsection.1.7}% 20
\BOOKMARK [3][]{subsubsection.1.7.2}{1.7.2 QZ迭代}{subsection.1.7}% 21
\BOOKMARK [2][]{subsection.1.8}{1.8 应用：多项式求根}{section.1}% 22
