\BOOKMARK [1][]{section.1}{1 线性代数基础}{}% 1
\BOOKMARK [2][]{subsection.1.1}{1.1 线性空间与内积空间}{section.1}% 2
\BOOKMARK [3][]{subsubsection.1.1.1}{1.1.1 直和}{subsection.1.1}% 3
\BOOKMARK [3][]{subsubsection.1.1.2}{1.1.2 内积空间}{subsection.1.1}% 4
\BOOKMARK [3][]{subsubsection.1.1.3}{1.1.3 正交与正交补}{subsection.1.1}% 5
\BOOKMARK [2][]{subsection.1.2}{1.2 向量范数与矩阵范数}{section.1}% 6
\BOOKMARK [3][]{subsubsection.1.2.1}{1.2.1 矩阵范数}{subsection.1.2}% 7
\BOOKMARK [3][]{subsubsection.1.2.2}{1.2.2 矩阵范数的一些性质}{subsection.1.2}% 8
\BOOKMARK [3][]{subsubsection.1.2.3}{1.2.3 向量序列的收敛}{subsection.1.2}% 9
\BOOKMARK [3][]{subsubsection.1.2.4}{1.2.4 收敛速度}{subsection.1.2}% 10
\BOOKMARK [2][]{subsection.1.3}{1.3 矩阵的投影}{section.1}% 11
\BOOKMARK [3][]{subsubsection.1.3.1}{1.3.1 特征值与特征向量}{subsection.1.3}% 12
\BOOKMARK [3][]{subsubsection.1.3.2}{1.3.2 Bendixson定理}{subsection.1.3}% 13
\BOOKMARK [3][]{subsubsection.1.3.3}{1.3.3 Gerschgorin圆盘定理}{subsection.1.3}% 14
\BOOKMARK [3][]{subsubsection.1.3.4}{1.3.4 投影变换与投影矩阵}{subsection.1.3}% 15
\BOOKMARK [3][]{subsubsection.1.3.5}{1.3.5 投影矩阵的判别}{subsection.1.3}% 16
\BOOKMARK [3][]{subsubsection.1.3.6}{1.3.6 投影算子的矩阵表示}{subsection.1.3}% 17
\BOOKMARK [3][]{subsubsection.1.3.7}{1.3.7 正交投影}{subsection.1.3}% 18
\BOOKMARK [3][]{subsubsection.1.3.8}{1.3.8 正交投影矩阵的一个重要应用}{subsection.1.3}% 19
\BOOKMARK [3][]{subsubsection.1.3.9}{1.3.9 不变子空间}{subsection.1.3}% 20
\BOOKMARK [3][]{subsubsection.1.3.10}{1.3.10 不变子空间的一个重要性质}{subsection.1.3}% 21
\BOOKMARK [2][]{subsection.1.4}{1.4 矩阵标准型}{section.1}% 22
\BOOKMARK [3][]{subsubsection.1.4.1}{1.4.1 Schur 标准型}{subsection.1.4}% 23
\BOOKMARK [3][]{subsubsection.1.4.2}{1.4.2 实 Schur 标准型}{subsection.1.4}% 24
\BOOKMARK [2][]{subsection.1.5}{1.5 几类特殊矩阵}{section.1}% 25
\BOOKMARK [3][]{subsubsection.1.5.1}{1.5.1 对称正定矩阵}{subsection.1.5}% 26
\BOOKMARK [3][]{subsubsection.1.5.2}{1.5.2 矩阵平方根}{subsection.1.5}% 27
\BOOKMARK [3][]{subsubsection.1.5.3}{1.5.3 对角占优矩阵}{subsection.1.5}% 28
\BOOKMARK [3][]{subsubsection.1.5.4}{1.5.4 可约与不可约}{subsection.1.5}% 29
\BOOKMARK [3][]{subsubsection.1.5.5}{1.5.5 其他常见特殊矩阵}{subsection.1.5}% 30
\BOOKMARK [2][]{subsection.1.6}{1.6 Kronecker 积}{section.1}% 31
\BOOKMARK [3][]{subsubsection.1.6.1}{1.6.1 基本性质}{subsection.1.6}% 32
