\BOOKMARK [1][]{section.1}{1 线性方程组直接解法}{}% 1
\BOOKMARK [2][]{subsection.1.1}{1.1 Gauss 消去法和 LU 分解}{section.1}% 2
\BOOKMARK [3][]{subsubsection.1.1.1}{1.1.1 LU 分解}{subsection.1.1}% 3
\BOOKMARK [3][]{subsubsection.1.1.2}{1.1.2 LU 分解的实现 — 矩阵初等变换}{subsection.1.1}% 4
\BOOKMARK [3][]{subsubsection.1.1.3}{1.1.3 IKJ型LU分解}{subsection.1.1}% 5
\BOOKMARK [3][]{subsubsection.1.1.4}{1.1.4 待定系数法计算 LU 分解}{subsection.1.1}% 6
\BOOKMARK [3][]{subsubsection.1.1.5}{1.1.5 三角方程求解}{subsection.1.1}% 7
\BOOKMARK [3][]{subsubsection.1.1.6}{1.1.6 选主元 LU 分解}{subsection.1.1}% 8
\BOOKMARK [2][]{subsection.1.2}{1.2 选主元 LU 分解}{section.1}% 9
\BOOKMARK [3][]{subsubsection.1.2.1}{1.2.1 矩阵求逆}{subsection.1.2}% 10
\BOOKMARK [2][]{subsection.1.3}{1.3 特殊方程组的求解}{section.1}% 11
\BOOKMARK [3][]{subsubsection.1.3.1}{1.3.1 对称正定线性方程组}{subsection.1.3}% 12
\BOOKMARK [3][]{subsubsection.1.3.2}{1.3.2 对称不定线性方程组}{subsection.1.3}% 13
\BOOKMARK [3][]{subsubsection.1.3.3}{1.3.3 三对角线性方程组}{subsection.1.3}% 14
\BOOKMARK [3][]{subsubsection.1.3.4}{1.3.4 带状线性方程组}{subsection.1.3}% 15
\BOOKMARK [3][]{subsubsection.1.3.5}{1.3.5 Toeplitz 线性方程组}{subsection.1.3}% 16
\BOOKMARK [2][]{subsection.1.4}{1.4 扰动分析}{section.1}% 17
\BOOKMARK [3][]{subsubsection.1.4.1}{1.4.1 δx 与  的关系}{subsection.1.4}% 18
\BOOKMARK [3][]{subsubsection.1.4.2}{1.4.2 δx 与 x* 的关系}{subsection.1.4}% 19
\BOOKMARK [3][]{subsubsection.1.4.3}{1.4.3 δx 与残量的关系}{subsection.1.4}% 20
\BOOKMARK [3][]{subsubsection.1.4.4}{1.4.4 相对扰动分析}{subsection.1.4}% 21
\BOOKMARK [2][]{subsection.1.5}{1.5 误差分析}{section.1}% 22
\BOOKMARK [3][]{subsubsection.1.5.1}{1.5.1 LU 分解的舍入误差分析}{subsection.1.5}% 23
\BOOKMARK [3][]{subsubsection.1.5.2}{1.5.2 Gauss 消去法的舍入误差分析}{subsection.1.5}% 24
\BOOKMARK [2][]{subsection.1.6}{1.6 解的改进和条件数估计}{section.1}% 25
\BOOKMARK [3][]{subsubsection.1.6.1}{1.6.1 高精度运算}{subsection.1.6}% 26
\BOOKMARK [3][]{subsubsection.1.6.2}{1.6.2 矩阵元素缩放 \(Scaling\)}{subsection.1.6}% 27
\BOOKMARK [3][]{subsubsection.1.6.3}{1.6.3 迭代改进法}{subsection.1.6}% 28
