\BOOKMARK [1][]{section.1}{1 blue 离散Poisson方程}{}% 1
\BOOKMARK [2][]{subsection.1.1}{1.1 blue一维Poisson方程}{section.1}% 2
\BOOKMARK [2][]{subsection.1.2}{1.2 blue二维Poisson方程}{section.1}% 3
\BOOKMARK [1][]{section.2}{2 blue 定常迭代方法}{}% 4
\BOOKMARK [2][]{subsection.2.1}{2.1 blue矩阵分裂迭代方法}{section.2}% 5
\BOOKMARK [2][]{subsection.2.2}{2.2 blueJacobi迭代}{section.2}% 6
\BOOKMARK [2][]{subsection.2.3}{2.3 Gauss-Seidel迭代}{section.2}% 7
\BOOKMARK [2][]{subsection.2.4}{2.4 SOR迭代}{section.2}% 8
\BOOKMARK [2][]{subsection.2.5}{2.5 blueSSOR迭代方法}{section.2}% 9
\BOOKMARK [2][]{subsection.2.6}{2.6 blueAOR迭代}{section.2}% 10
\BOOKMARK [2][]{subsection.2.7}{2.7 blueRichardson算法}{section.2}% 11
\BOOKMARK [2][]{subsection.2.8}{2.8 blue分块迭代方法}{section.2}% 12
\BOOKMARK [1][]{section.3}{3 blue收敛性分析}{}% 13
\BOOKMARK [2][]{subsection.3.1}{3.1 定常迭代方法的收敛性}{section.3}% 14
\BOOKMARK [2][]{subsection.3.2}{3.2 blue二维离散Poisson方程情形}{section.3}% 15
\BOOKMARK [2][]{subsection.3.3}{3.3 blue不可约对角占优}{section.3}% 16
\BOOKMARK [2][]{subsection.3.4}{3.4 blue对称正定矩阵}{section.3}% 17
\BOOKMARK [2][]{subsection.3.5}{3.5 blue相容次序矩阵}{section.3}% 18
\BOOKMARK [1][]{section.4}{4 blue加速算法}{}% 19
\BOOKMARK [2][]{subsection.4.1}{4.1 blue外推技术}{section.4}% 20
\BOOKMARK [2][]{subsection.4.2}{4.2 Chebyshev加速}{section.4}% 21
\BOOKMARK [1][]{section.5}{5 交替方向与HSS算法}{}% 22
\BOOKMARK [2][]{subsection.5.1}{5.1 5.1多步迭代法}{section.5}% 23
\BOOKMARK [2][]{subsection.5.2}{5.2 交替方向法}{section.5}% 24
\BOOKMARK [2][]{subsection.5.3}{5.3 blueHSS方法}{section.5}% 25
\BOOKMARK [1][]{section.6}{6 blue快速Poisson算法}{}% 26
