\BOOKMARK [1][]{section.1}{1 引言}{}% 1
\BOOKMARK [2][]{subsection.1.1}{1.1 欠定方程组}{section.1}% 2
\BOOKMARK [2][]{subsection.1.2}{1.2 超定方程组}{section.1}% 3
\BOOKMARK [1][]{section.2}{2 初等变换矩阵}{}% 4
\BOOKMARK [2][]{subsection.2.1}{2.1 初等矩阵}{section.2}% 5
\BOOKMARK [2][]{subsection.2.2}{2.2 Gauss变换}{section.2}% 6
\BOOKMARK [2][]{subsection.2.3}{2.3 Householder变换}{section.2}% 7
\BOOKMARK [2][]{subsection.2.4}{2.4 Givens 变换}{section.2}% 8
\BOOKMARK [2][]{subsection.2.5}{2.5 正交变换的舍入误差分析}{section.2}% 9
\BOOKMARK [1][]{section.3}{3 QR分解}{}% 10
\BOOKMARK [2][]{subsection.3.1}{3.1 QR分解的存在唯一性}{section.3}% 11
\BOOKMARK [2][]{subsection.3.2}{3.2 基于MGS的QR分解}{section.3}% 12
\BOOKMARK [2][]{subsection.3.3}{3.3 基于Householder变换的QR分解}{section.3}% 13
\BOOKMARK [2][]{subsection.3.4}{3.4 列主元QR分解}{section.3}% 14
\BOOKMARK [2][]{subsection.3.5}{3.5 基于Givens变换的QR分解}{section.3}% 15
\BOOKMARK [2][]{subsection.3.6}{3.6 QR分解的稳定性}{section.3}% 16
\BOOKMARK [1][]{section.4}{4 奇异值分解}{}% 17
\BOOKMARK [1][]{section.5}{5 线性最小二乘问题的求解方法}{}% 18
\BOOKMARK [2][]{subsection.5.1}{5.1 正规方程法}{section.5}% 19
\BOOKMARK [0][]{part.1}{I\040title}{}% 20
\BOOKMARK [1][]{subsection.5.2}{5.2 QR分解法}{part.1}% 21
\BOOKMARK [2][]{subsection.5.3}{5.3 奇异值分解法}{subsection.5.2}% 22
\BOOKMARK [1][]{section.6}{6 广义逆与最小二乘}{part.1}% 23
\BOOKMARK [2][]{subsection.6.1}{6.1 广义逆的定义}{section.6}% 24
\BOOKMARK [2][]{subsection.6.2}{6.2 广义逆的基本性质}{section.6}% 25
\BOOKMARK [2][]{subsection.6.3}{6.3 广义逆的计算}{section.6}% 26
\BOOKMARK [2][]{subsection.6.4}{6.4 广义逆与线性最小二乘}{section.6}% 27
\BOOKMARK [1][]{section.7}{7 最小二乘扰动分析}{part.1}% 28
\BOOKMARK [1][]{section.8}{8 最小二乘问题的推广及其应用}{part.1}% 29
\BOOKMARK [2][]{subsection.8.1}{8.1 正则化}{section.8}% 30
\BOOKMARK [2][]{subsection.8.2}{8.2 加权正则化}{section.8}% 31
\BOOKMARK [2][]{subsection.8.3}{8.3 约束最小二乘问题}{section.8}% 32
\BOOKMARK [2][]{subsection.8.4}{8.4 应用: 多项式数据拟合}{section.8}% 33
\BOOKMARK [2][]{subsection.8.5}{8.5 应用: 线性预测}{section.8}% 34
\BOOKMARK [2][]{subsection.8.6}{8.6 应用: 信号处理}{section.8}% 35
